# JRE version: OpenJDK Runtime Environment Temurin-21.0.6+7 (21.0.6+7) (build 21.0.6+7-LTS)
# Java VM: OpenJDK 64-Bit Server VM Temurin-21.0.6+7 (21.0.6+7-LTS, mixed mode, sharing, tiered, compressed oops, compressed class ptrs, parallel gc, windows-amd64)
GC Precious Log:
 CardTable entry size: 512
 CPUs: 16 total, 16 available
 Memory: 16280M
 Large Page Support: Disabled
 NUMA Support: Disabled
 Compressed Oops: Enabled (32-bit)
 Alignments: Space 512K, Generation 512K, Heap 2M
 Heap Min Capacity: 100M
 Heap Initial Capacity: 100M
 Heap Max Capacity: 1G
 Pre-touch: Disabled
 Parallel Workers: 13
Heap:
 PSYoungGen      total 2560K, used 1021K [0x00000000eab00000, 0x00000000eae80000, 0x0000000100000000)
  eden space 1536K, 0% used [0x00000000eab00000,0x00000000eab00000,0x00000000eac80000)
  from space 1024K, 99% used [0x00000000eac80000,0x00000000ead7f430,0x00000000ead80000)
  to   space 1024K, 0% used [0x00000000ead80000,0x00000000ead80000,0x00000000eae80000)
 ParOldGen       total 691200K, used 691156K [0x00000000c0000000, 0x00000000ea300000, 0x00000000eab00000)
  object space 691200K, 99% used [0x00000000c0000000,0x00000000ea2f5278,0x00000000ea300000)
 Metaspace       used 66046K, committed 67584K, reserved 1114112K
  class space    used 6735K, committed 7424K, reserved 1048576K
GC Heap History (20 events):
Event: 20.728 GC heap after
{Heap after GC invocations=1844 (full 3):
 PSYoungGen      total 1536K, used 491K [0x00000000eab00000, 0x00000000eae00000, 0x0000000100000000)
  eden space 1024K, 0% used [0x00000000eab00000,0x00000000eab00000,0x00000000eac00000)
  from space 512K, 96% used [0x00000000eac80000,0x00000000eacfaef0,0x00000000ead00000)
  to   space 1024K, 0% used [0x00000000ead00000,0x00000000ead00000,0x00000000eae00000)
 ParOldGen       total 687104K, used 686829K [0x00000000c0000000, 0x00000000e9f00000, 0x00000000eab00000)
  object space 687104K, 99% used [0x00000000c0000000,0x00000000e9ebb5a0,0x00000000e9f00000)
 Metaspace       used 65428K, committed 66944K, reserved 1114112K
  class space    used 6684K, committed 7360K, reserved 1048576K
}
Event: 20.731 GC heap before
{Heap before GC invocations=1845 (full 3):
 PSYoungGen      total 1536K, used 1515K [0x00000000eab00000, 0x00000000eae00000, 0x0000000100000000)
  eden space 1024K, 99% used [0x00000000eab00000,0x00000000eabfffb0,0x00000000eac00000)
  from space 512K, 96% used [0x00000000eac80000,0x00000000eacfaef0,0x00000000ead00000)
  to   space 1024K, 0% used [0x00000000ead00000,0x00000000ead00000,0x00000000eae00000)
 ParOldGen       total 687104K, used 686829K [0x00000000c0000000, 0x00000000e9f00000, 0x00000000eab00000)
  object space 687104K, 99% used [0x00000000c0000000,0x00000000e9ebb5a0,0x00000000e9f00000)
 Metaspace       used 65556K, committed 67072K, reserved 1114112K
  class space    used 6689K, committed 7360K, reserved 1048576K
}
Event: 20.733 GC heap after
{Heap after GC invocations=1845 (full 3):
 PSYoungGen      total 1536K, used 449K [0x00000000eab00000, 0x00000000ead80000, 0x0000000100000000)
  eden space 1024K, 0% used [0x00000000eab00000,0x00000000eab00000,0x00000000eac00000)
  from space 512K, 87% used [0x00000000ead00000,0x00000000ead70630,0x00000000ead80000)
  to   space 512K, 0% used [0x00000000eac80000,0x00000000eac80000,0x00000000ead00000)
 ParOldGen       total 687104K, used 686925K [0x00000000c0000000, 0x00000000e9f00000, 0x00000000eab00000)
  object space 687104K, 99% used [0x00000000c0000000,0x00000000e9ed35a0,0x00000000e9f00000)
 Metaspace       used 65556K, committed 67072K, reserved 1114112K
  class space    used 6689K, committed 7360K, reserved 1048576K
}
Event: 20.741 GC heap before
{Heap before GC invocations=1846 (full 3):
 PSYoungGen      total 1536K, used 1473K [0x00000000eab00000, 0x00000000ead80000, 0x0000000100000000)
  eden space 1024K, 100% used [0x00000000eab00000,0x00000000eac00000,0x00000000eac00000)
  from space 512K, 87% used [0x00000000ead00000,0x00000000ead70630,0x00000000ead80000)
  to   space 512K, 0% used [0x00000000eac80000,0x00000000eac80000,0x00000000ead00000)
 ParOldGen       total 687104K, used 686925K [0x00000000c0000000, 0x00000000e9f00000, 0x00000000eab00000)
  object space 687104K, 99% used [0x00000000c0000000,0x00000000e9ed3610,0x00000000e9f00000)
 Metaspace       used 65725K, committed 67264K, reserved 1114112K
  class space    used 6698K, committed 7360K, reserved 1048576K
}
Event: 20.742 GC heap after
{Heap after GC invocations=1846 (full 3):
 PSYoungGen      total 1536K, used 400K [0x00000000eab00000, 0x00000000ead80000, 0x0000000100000000)
  eden space 1024K, 0% used [0x00000000eab00000,0x00000000eab00000,0x00000000eac00000)
  from space 512K, 78% used [0x00000000eac80000,0x00000000eace4010,0x00000000ead00000)
  to   space 512K, 0% used [0x00000000ead00000,0x00000000ead00000,0x00000000ead80000)
 ParOldGen       total 687104K, used 687045K [0x00000000c0000000, 0x00000000e9f00000, 0x00000000eab00000)
  object space 687104K, 99% used [0x00000000c0000000,0x00000000e9ef1610,0x00000000e9f00000)
 Metaspace       used 65725K, committed 67264K, reserved 1114112K
  class space    used 6698K, committed 7360K, reserved 1048576K
}
Event: 20.750 GC heap before
{Heap before GC invocations=1847 (full 3):
 PSYoungGen      total 1536K, used 1424K [0x00000000eab00000, 0x00000000ead80000, 0x0000000100000000)
  eden space 1024K, 100% used [0x00000000eab00000,0x00000000eac00000,0x00000000eac00000)
  from space 512K, 78% used [0x00000000eac80000,0x00000000eace4010,0x00000000ead00000)
  to   space 512K, 0% used [0x00000000ead00000,0x00000000ead00000,0x00000000ead80000)
 ParOldGen       total 687104K, used 687049K [0x00000000c0000000, 0x00000000e9f00000, 0x00000000eab00000)
  object space 687104K, 99% used [0x00000000c0000000,0x00000000e9ef2688,0x00000000e9f00000)
 Metaspace       used 65816K, committed 67328K, reserved 1114112K
  class space    used 6713K, committed 7360K, reserved 1048576K
}
Event: 20.752 GC heap after
{Heap after GC invocations=1847 (full 3):
 PSYoungGen      total 1536K, used 499K [0x00000000eab00000, 0x00000000eae00000, 0x0000000100000000)
  eden space 1024K, 0% used [0x00000000eab00000,0x00000000eab00000,0x00000000eac00000)
  from space 512K, 97% used [0x00000000ead00000,0x00000000ead7cdd8,0x00000000ead80000)
  to   space 1024K, 0% used [0x00000000eac00000,0x00000000eac00000,0x00000000ead00000)
 ParOldGen       total 687616K, used 687209K [0x00000000c0000000, 0x00000000e9f80000, 0x00000000eab00000)
  object space 687616K, 99% used [0x00000000c0000000,0x00000000e9f1a6a8,0x00000000e9f80000)
 Metaspace       used 65816K, committed 67328K, reserved 1114112K
  class space    used 6713K, committed 7360K, reserved 1048576K
}
Event: 20.757 GC heap before
{Heap before GC invocations=1848 (full 3):
 PSYoungGen      total 1536K, used 1523K [0x00000000eab00000, 0x00000000eae00000, 0x0000000100000000)
  eden space 1024K, 99% used [0x00000000eab00000,0x00000000eabfffe8,0x00000000eac00000)
  from space 512K, 97% used [0x00000000ead00000,0x00000000ead7cdd8,0x00000000ead80000)
  to   space 1024K, 0% used [0x00000000eac00000,0x00000000eac00000,0x00000000ead00000)
 ParOldGen       total 687616K, used 687374K [0x00000000c0000000, 0x00000000e9f80000, 0x00000000eab00000)
  object space 687616K, 99% used [0x00000000c0000000,0x00000000e9f43be0,0x00000000e9f80000)
 Metaspace       used 65850K, committed 67328K, reserved 1114112K
  class space    used 6714K, committed 7360K, reserved 1048576K
}
Event: 20.758 GC heap after
{Heap after GC invocations=1848 (full 3):
 PSYoungGen      total 2048K, used 718K [0x00000000eab00000, 0x00000000eae00000, 0x0000000100000000)
  eden space 1024K, 0% used [0x00000000eab00000,0x00000000eab00000,0x00000000eac00000)
  from space 1024K, 70% used [0x00000000eac00000,0x00000000eacb39b0,0x00000000ead00000)
  to   space 1024K, 0% used [0x00000000ead00000,0x00000000ead00000,0x00000000eae00000)
 ParOldGen       total 687616K, used 687584K [0x00000000c0000000, 0x00000000e9f80000, 0x00000000eab00000)
  object space 687616K, 99% used [0x00000000c0000000,0x00000000e9f782c8,0x00000000e9f80000)
 Metaspace       used 65850K, committed 67328K, reserved 1114112K
  class space    used 6714K, committed 7360K, reserved 1048576K
}
Event: 20.761 GC heap before
{Heap before GC invocations=1849 (full 3):
 PSYoungGen      total 2048K, used 1737K [0x00000000eab00000, 0x00000000eae00000, 0x0000000100000000)
  eden space 1024K, 99% used [0x00000000eab00000,0x00000000eabfebf0,0x00000000eac00000)
  from space 1024K, 70% used [0x00000000eac00000,0x00000000eacb39b0,0x00000000ead00000)
  to   space 1024K, 0% used [0x00000000ead00000,0x00000000ead00000,0x00000000eae00000)
 ParOldGen       total 687616K, used 687584K [0x00000000c0000000, 0x00000000e9f80000, 0x00000000eab00000)
  object space 687616K, 99% used [0x00000000c0000000,0x00000000e9f782c8,0x00000000e9f80000)
 Metaspace       used 65878K, committed 67328K, reserved 1114112K
  class space    used 6716K, committed 7360K, reserved 1048576K
}
Event: 20.763 GC heap after
{Heap after GC invocations=1849 (full 3):
 PSYoungGen      total 1536K, used 1018K [0x00000000eab00000, 0x00000000eb080000, 0x0000000100000000)
  eden space 512K, 0% used [0x00000000eab00000,0x00000000eab00000,0x00000000eab80000)
  from space 1024K, 99% used [0x00000000ead00000,0x00000000eadfea08,0x00000000eae00000)
  to   space 1536K, 0% used [0x00000000eab80000,0x00000000eab80000,0x00000000ead00000)
 ParOldGen       total 688128K, used 688101K [0x00000000c0000000, 0x00000000ea000000, 0x00000000eab00000)
  object space 688128K, 99% used [0x00000000c0000000,0x00000000e9ff9638,0x00000000ea000000)
 Metaspace       used 65878K, committed 67328K, reserved 1114112K
  class space    used 6716K, committed 7360K, reserved 1048576K
}
Event: 20.765 GC heap before
{Heap before GC invocations=1850 (full 3):
 PSYoungGen      total 1536K, used 1525K [0x00000000eab00000, 0x00000000eb080000, 0x0000000100000000)
  eden space 512K, 99% used [0x00000000eab00000,0x00000000eab7ed90,0x00000000eab80000)
  from space 1024K, 99% used [0x00000000ead00000,0x00000000eadfea08,0x00000000eae00000)
  to   space 1536K, 0% used [0x00000000eab80000,0x00000000eab80000,0x00000000ead00000)
 ParOldGen       total 688128K, used 688101K [0x00000000c0000000, 0x00000000ea000000, 0x00000000eab00000)
  object space 688128K, 99% used [0x00000000c0000000,0x00000000e9ff9638,0x00000000ea000000)
 Metaspace       used 65920K, committed 67392K, reserved 1114112K
  class space    used 6718K, committed 7360K, reserved 1048576K
}
Event: 20.766 GC heap after
{Heap after GC invocations=1850 (full 3):
 PSYoungGen      total 2048K, used 575K [0x00000000eab00000, 0x00000000eae00000, 0x0000000100000000)
  eden space 512K, 0% used [0x00000000eab00000,0x00000000eab00000,0x00000000eab80000)
  from space 1536K, 37% used [0x00000000eab80000,0x00000000eac0fc38,0x00000000ead00000)
  to   space 1024K, 0% used [0x00000000ead00000,0x00000000ead00000,0x00000000eae00000)
 ParOldGen       total 689152K, used 688842K [0x00000000c0000000, 0x00000000ea100000, 0x00000000eab00000)
  object space 689152K, 99% used [0x00000000c0000000,0x00000000ea0b2900,0x00000000ea100000)
 Metaspace       used 65920K, committed 67392K, reserved 1114112K
  class space    used 6718K, committed 7360K, reserved 1048576K
}
Event: 20.769 GC heap before
{Heap before GC invocations=1851 (full 3):
 PSYoungGen      total 2048K, used 1066K [0x00000000eab00000, 0x00000000eae00000, 0x0000000100000000)
  eden space 512K, 96% used [0x00000000eab00000,0x00000000eab7ae60,0x00000000eab80000)
  from space 1536K, 37% used [0x00000000eab80000,0x00000000eac0fc38,0x00000000ead00000)
  to   space 1024K, 0% used [0x00000000ead00000,0x00000000ead00000,0x00000000eae00000)
 ParOldGen       total 689152K, used 688842K [0x00000000c0000000, 0x00000000ea100000, 0x00000000eab00000)
  object space 689152K, 99% used [0x00000000c0000000,0x00000000ea0b2900,0x00000000ea100000)
 Metaspace       used 65934K, committed 67456K, reserved 1114112K
  class space    used 6725K, committed 7424K, reserved 1048576K
}
Event: 20.770 GC heap after
{Heap after GC invocations=1851 (full 3):
 PSYoungGen      total 2048K, used 486K [0x00000000eab00000, 0x00000000eae00000, 0x0000000100000000)
  eden space 1024K, 0% used [0x00000000eab00000,0x00000000eab00000,0x00000000eac00000)
  from space 1024K, 47% used [0x00000000ead00000,0x00000000ead79888,0x00000000eae00000)
  to   space 1024K, 0% used [0x00000000eac00000,0x00000000eac00000,0x00000000ead00000)
 ParOldGen       total 689152K, used 689102K [0x00000000c0000000, 0x00000000ea100000, 0x00000000eab00000)
  object space 689152K, 99% used [0x00000000c0000000,0x00000000ea0f3b40,0x00000000ea100000)
 Metaspace       used 65934K, committed 67456K, reserved 1114112K
  class space    used 6725K, committed 7424K, reserved 1048576K
}
Event: 20.777 GC heap before
{Heap before GC invocations=1852 (full 3):
 PSYoungGen      total 2048K, used 1506K [0x00000000eab00000, 0x00000000eae00000, 0x0000000100000000)
  eden space 1024K, 99% used [0x00000000eab00000,0x00000000eabff298,0x00000000eac00000)
  from space 1024K, 47% used [0x00000000ead00000,0x00000000ead79888,0x00000000eae00000)
  to   space 1024K, 0% used [0x00000000eac00000,0x00000000eac00000,0x00000000ead00000)
 ParOldGen       total 689152K, used 689102K [0x00000000c0000000, 0x00000000ea100000, 0x00000000eab00000)
  object space 689152K, 99% used [0x00000000c0000000,0x00000000ea0f3b40,0x00000000ea100000)
 Metaspace       used 65972K, committed 67520K, reserved 1114112K
  class space    used 6726K, committed 7424K, reserved 1048576K
}
Event: 20.779 GC heap after
{Heap after GC invocations=1852 (full 3):
 PSYoungGen      total 2048K, used 889K [0x00000000eab00000, 0x00000000eae80000, 0x0000000100000000)
  eden space 1024K, 0% used [0x00000000eab00000,0x00000000eab00000,0x00000000eac00000)
  from space 1024K, 86% used [0x00000000eac00000,0x00000000eacde5d0,0x00000000ead00000)
  to   space 1024K, 0% used [0x00000000ead80000,0x00000000ead80000,0x00000000eae80000)
 ParOldGen       total 689664K, used 689410K [0x00000000c0000000, 0x00000000ea180000, 0x00000000eab00000)
  object space 689664K, 99% used [0x00000000c0000000,0x00000000ea140980,0x00000000ea180000)
 Metaspace       used 65972K, committed 67520K, reserved 1114112K
  class space    used 6726K, committed 7424K, reserved 1048576K
}
Event: 20.781 GC heap before
{Heap before GC invocations=1853 (full 3):
 PSYoungGen      total 2048K, used 1817K [0x00000000eab00000, 0x00000000eae80000, 0x0000000100000000)
  eden space 1024K, 90% used [0x00000000eab00000,0x00000000eabe81a0,0x00000000eac00000)
  from space 1024K, 86% used [0x00000000eac00000,0x00000000eacde5d0,0x00000000ead00000)
  to   space 1024K, 0% used [0x00000000ead80000,0x00000000ead80000,0x00000000eae80000)
 ParOldGen       total 689664K, used 689410K [0x00000000c0000000, 0x00000000ea180000, 0x00000000eab00000)
  object space 689664K, 99% used [0x00000000c0000000,0x00000000ea140980,0x00000000ea180000)
 Metaspace       used 66004K, committed 67520K, reserved 1114112K
  class space    used 6729K, committed 7424K, reserved 1048576K
}
Event: 20.782 GC heap after
{Heap after GC invocations=1853 (full 3):
 PSYoungGen      total 2560K, used 919K [0x00000000eab00000, 0x00000000eae80000, 0x0000000100000000)
  eden space 1536K, 0% used [0x00000000eab00000,0x00000000eab00000,0x00000000eac80000)
  from space 1024K, 89% used [0x00000000ead80000,0x00000000eae65e28,0x00000000eae80000)
  to   space 1024K, 0% used [0x00000000eac80000,0x00000000eac80000,0x00000000ead80000)
 ParOldGen       total 690176K, used 690159K [0x00000000c0000000, 0x00000000ea200000, 0x00000000eab00000)
  object space 690176K, 99% used [0x00000000c0000000,0x00000000ea1fbc20,0x00000000ea200000)
 Metaspace       used 66004K, committed 67520K, reserved 1114112K
  class space    used 6729K, committed 7424K, reserved 1048576K
}
Event: 20.789 GC heap before
{Heap before GC invocations=1854 (full 3):
 PSYoungGen      total 2560K, used 2440K [0x00000000eab00000, 0x00000000eae80000, 0x0000000100000000)
  eden space 1536K, 98% used [0x00000000eab00000,0x00000000eac7c260,0x00000000eac80000)
  from space 1024K, 89% used [0x00000000ead80000,0x00000000eae65e28,0x00000000eae80000)
  to   space 1024K, 0% used [0x00000000eac80000,0x00000000eac80000,0x00000000ead80000)
 ParOldGen       total 690176K, used 690159K [0x00000000c0000000, 0x00000000ea200000, 0x00000000eab00000)
  object space 690176K, 99% used [0x00000000c0000000,0x00000000ea1fbc20,0x00000000ea200000)
 Metaspace       used 66046K, committed 67584K, reserved 1114112K
  class space    used 6735K, committed 7424K, reserved 1048576K
}

