# JRE version: OpenJDK Runtime Environment Temurin-21.0.6+7 (21.0.6+7) (build 21.0.6+7-LTS)
# Java VM: OpenJDK 64-Bit Server VM Temurin-21.0.6+7 (21.0.6+7-LTS, mixed mode, sharing, tiered, compressed oops, compressed class ptrs, g1 gc, windows-amd64)
GC Precious Log:
 CardTable entry size: 512
 Card Set container configuration: InlinePtr #cards 4 size 8 Array Of Cards #cards 16 size 48 Howl #buckets 8 coarsen threshold 3686 Howl Bitmap #cards 512 size 80 coarsen threshold 460 Card regions per heap region 1 cards per card region 4096
 CPUs: 16 total, 16 available
 Memory: 16280M
 Large Page Support: Disabled
 NUMA Support: Disabled
 Compressed Oops: Enabled (Zero based)
 Heap Region Size: 2M
 Heap Min Capacity: 8M
 Heap Initial Capacity: 256M
 Heap Max Capacity: 4072M
 Pre-touch: Disabled
 Parallel Workers: 13
 Concurrent Workers: 3
 Concurrent Refinement Workers: 13
 Periodic GC: Disabled
Heap:
 garbage-first heap   total 133120K, used 38932K [0x0000000701800000, 0x0000000800000000)
  region size 2048K, 7 young (14336K), 1 survivors (2048K)
 Metaspace       used 70003K, committed 70976K, reserved 1114112K
  class space    used 8184K, committed 8576K, reserved 1048576K
GC Heap History (20 events):
Event: 9696.672 GC heap before
{Heap before GC invocations=139 (full 22):
 garbage-first heap   total 110592K, used 92297K [0x0000000701800000, 0x0000000800000000)
  region size 2048K, 32 young (65536K), 1 survivors (2048K)
 Metaspace       used 69999K, committed 70976K, reserved 1114112K
  class space    used 8184K, committed 8576K, reserved 1048576K
}
Event: 9696.674 GC heap after
{Heap after GC invocations=140 (full 22):
 garbage-first heap   total 110592K, used 28736K [0x0000000701800000, 0x0000000800000000)
  region size 2048K, 1 young (2048K), 1 survivors (2048K)
 Metaspace       used 69999K, committed 70976K, reserved 1114112K
  class space    used 8184K, committed 8576K, reserved 1048576K
}
Event: 9806.842 GC heap before
{Heap before GC invocations=140 (full 22):
 garbage-first heap   total 110592K, used 92224K [0x0000000701800000, 0x0000000800000000)
  region size 2048K, 32 young (65536K), 1 survivors (2048K)
 Metaspace       used 69999K, committed 70976K, reserved 1114112K
  class space    used 8184K, committed 8576K, reserved 1048576K
}
Event: 9806.844 GC heap after
{Heap after GC invocations=141 (full 22):
 garbage-first heap   total 110592K, used 28737K [0x0000000701800000, 0x0000000800000000)
  region size 2048K, 1 young (2048K), 1 survivors (2048K)
 Metaspace       used 69999K, committed 70976K, reserved 1114112K
  class space    used 8184K, committed 8576K, reserved 1048576K
}
Event: 9917.853 GC heap before
{Heap before GC invocations=142 (full 22):
 garbage-first heap   total 110592K, used 92225K [0x0000000701800000, 0x0000000800000000)
  region size 2048K, 32 young (65536K), 1 survivors (2048K)
 Metaspace       used 69999K, committed 70976K, reserved 1114112K
  class space    used 8184K, committed 8576K, reserved 1048576K
}
Event: 9917.854 GC heap after
{Heap after GC invocations=143 (full 22):
 garbage-first heap   total 110592K, used 28632K [0x0000000701800000, 0x0000000800000000)
  region size 2048K, 1 young (2048K), 1 survivors (2048K)
 Metaspace       used 69999K, committed 70976K, reserved 1114112K
  class space    used 8184K, committed 8576K, reserved 1048576K
}
Event: 10027.954 GC heap before
{Heap before GC invocations=143 (full 22):
 garbage-first heap   total 110592K, used 92120K [0x0000000701800000, 0x0000000800000000)
  region size 2048K, 32 young (65536K), 1 survivors (2048K)
 Metaspace       used 69999K, committed 70976K, reserved 1114112K
  class space    used 8184K, committed 8576K, reserved 1048576K
}
Event: 10027.955 GC heap after
{Heap after GC invocations=144 (full 22):
 garbage-first heap   total 110592K, used 28684K [0x0000000701800000, 0x0000000800000000)
  region size 2048K, 1 young (2048K), 1 survivors (2048K)
 Metaspace       used 69999K, committed 70976K, reserved 1114112K
  class space    used 8184K, committed 8576K, reserved 1048576K
}
Event: 10138.099 GC heap before
{Heap before GC invocations=144 (full 22):
 garbage-first heap   total 110592K, used 92172K [0x0000000701800000, 0x0000000800000000)
  region size 2048K, 32 young (65536K), 1 survivors (2048K)
 Metaspace       used 69999K, committed 70976K, reserved 1114112K
  class space    used 8184K, committed 8576K, reserved 1048576K
}
Event: 10138.101 GC heap after
{Heap after GC invocations=145 (full 22):
 garbage-first heap   total 110592K, used 28696K [0x0000000701800000, 0x0000000800000000)
  region size 2048K, 1 young (2048K), 1 survivors (2048K)
 Metaspace       used 69999K, committed 70976K, reserved 1114112K
  class space    used 8184K, committed 8576K, reserved 1048576K
}
Event: 10248.274 GC heap before
{Heap before GC invocations=146 (full 22):
 garbage-first heap   total 110592K, used 92184K [0x0000000701800000, 0x0000000800000000)
  region size 2048K, 32 young (65536K), 1 survivors (2048K)
 Metaspace       used 69999K, committed 70976K, reserved 1114112K
  class space    used 8184K, committed 8576K, reserved 1048576K
}
Event: 10248.275 GC heap after
{Heap after GC invocations=147 (full 22):
 garbage-first heap   total 110592K, used 28665K [0x0000000701800000, 0x0000000800000000)
  region size 2048K, 1 young (2048K), 1 survivors (2048K)
 Metaspace       used 69999K, committed 70976K, reserved 1114112K
  class space    used 8184K, committed 8576K, reserved 1048576K
}
Event: 10358.471 GC heap before
{Heap before GC invocations=147 (full 22):
 garbage-first heap   total 110592K, used 92153K [0x0000000701800000, 0x0000000800000000)
  region size 2048K, 32 young (65536K), 1 survivors (2048K)
 Metaspace       used 69999K, committed 70976K, reserved 1114112K
  class space    used 8184K, committed 8576K, reserved 1048576K
}
Event: 10358.473 GC heap after
{Heap after GC invocations=148 (full 22):
 garbage-first heap   total 110592K, used 28696K [0x0000000701800000, 0x0000000800000000)
  region size 2048K, 1 young (2048K), 1 survivors (2048K)
 Metaspace       used 69999K, committed 70976K, reserved 1114112K
  class space    used 8184K, committed 8576K, reserved 1048576K
}
Event: 10468.721 GC heap before
{Heap before GC invocations=148 (full 22):
 garbage-first heap   total 110592K, used 92184K [0x0000000701800000, 0x0000000800000000)
  region size 2048K, 32 young (65536K), 1 survivors (2048K)
 Metaspace       used 69999K, committed 70976K, reserved 1114112K
  class space    used 8184K, committed 8576K, reserved 1048576K
}
Event: 10468.723 GC heap after
{Heap after GC invocations=149 (full 22):
 garbage-first heap   total 110592K, used 28681K [0x0000000701800000, 0x0000000800000000)
  region size 2048K, 1 young (2048K), 1 survivors (2048K)
 Metaspace       used 69999K, committed 70976K, reserved 1114112K
  class space    used 8184K, committed 8576K, reserved 1048576K
}
Event: 10578.938 GC heap before
{Heap before GC invocations=150 (full 22):
 garbage-first heap   total 110592K, used 92169K [0x0000000701800000, 0x0000000800000000)
  region size 2048K, 32 young (65536K), 1 survivors (2048K)
 Metaspace       used 69999K, committed 70976K, reserved 1114112K
  class space    used 8184K, committed 8576K, reserved 1048576K
}
Event: 10578.940 GC heap after
{Heap after GC invocations=151 (full 22):
 garbage-first heap   total 133120K, used 28734K [0x0000000701800000, 0x0000000800000000)
  region size 2048K, 1 young (2048K), 1 survivors (2048K)
 Metaspace       used 69999K, committed 70976K, reserved 1114112K
  class space    used 8184K, committed 8576K, reserved 1048576K
}
Event: 10714.670 GC heap before
{Heap before GC invocations=151 (full 22):
 garbage-first heap   total 133120K, used 106558K [0x0000000701800000, 0x0000000800000000)
  region size 2048K, 39 young (79872K), 1 survivors (2048K)
 Metaspace       used 69999K, committed 70976K, reserved 1114112K
  class space    used 8184K, committed 8576K, reserved 1048576K
}
Event: 10714.671 GC heap after
{Heap after GC invocations=152 (full 22):
 garbage-first heap   total 133120K, used 28692K [0x0000000701800000, 0x0000000800000000)
  region size 2048K, 1 young (2048K), 1 survivors (2048K)
 Metaspace       used 69999K, committed 70976K, reserved 1114112K
  class space    used 8184K, committed 8576K, reserved 1048576K
}

