# JRE version: OpenJDK Runtime Environment Temurin-21.0.6+7 (21.0.6+7) (build 21.0.6+7-LTS)
# Java VM: OpenJDK 64-Bit Server VM Temurin-21.0.6+7 (21.0.6+7-LTS, mixed mode, sharing, tiered, compressed oops, compressed class ptrs, parallel gc, windows-amd64)
GC Precious Log:
 CardTable entry size: 512
 CPUs: 16 total, 16 available
 Memory: 16280M
 Large Page Support: Disabled
 NUMA Support: Disabled
 Compressed Oops: Enabled (32-bit)
 Alignments: Space 512K, Generation 512K, Heap 2M
 Heap Min Capacity: 100M
 Heap Initial Capacity: 100M
 Heap Max Capacity: 1G
 Pre-touch: Disabled
 Parallel Workers: 13
Heap:
 PSYoungGen      total 6144K, used 2085K [0x00000000eab00000, 0x00000000eb200000, 0x0000000100000000)
  eden space 5120K, 29% used [0x00000000eab00000,0x00000000eac796b0,0x00000000eb000000)
  from space 1024K, 56% used [0x00000000eb000000,0x00000000eb090020,0x00000000eb100000)
  to   space 1024K, 0% used [0x00000000eb100000,0x00000000eb100000,0x00000000eb200000)
 ParOldGen       total 604672K, used 604663K [0x00000000c0000000, 0x00000000e4e80000, 0x00000000eab00000)
  object space 604672K, 99% used [0x00000000c0000000,0x00000000e4e7df30,0x00000000e4e80000)
 Metaspace       used 98778K, committed 100608K, reserved 1179648K
  class space    used 9763K, committed 10688K, reserved 1048576K
GC Heap History (20 events):
Event: 7592.538 GC heap before
{Heap before GC invocations=6148 (full 9):
 PSYoungGen      total 5632K, used 5529K [0x00000000eab00000, 0x00000000eb280000, 0x0000000100000000)
  eden space 5120K, 99% used [0x00000000eab00000,0x00000000eaffe780,0x00000000eb000000)
  from space 512K, 81% used [0x00000000eb180000,0x00000000eb1e8000,0x00000000eb200000)
  to   space 512K, 0% used [0x00000000eb200000,0x00000000eb200000,0x00000000eb280000)
 ParOldGen       total 603648K, used 603230K [0x00000000c0000000, 0x00000000e4d80000, 0x00000000eab00000)
  object space 603648K, 99% used [0x00000000c0000000,0x00000000e4d17b38,0x00000000e4d80000)
 Metaspace       used 98744K, committed 100608K, reserved 1179648K
  class space    used 9763K, committed 10688K, reserved 1048576K
}
Event: 7592.539 GC heap after
{Heap after GC invocations=6148 (full 9):
 PSYoungGen      total 5632K, used 442K [0x00000000eab00000, 0x00000000eb280000, 0x0000000100000000)
  eden space 5120K, 0% used [0x00000000eab00000,0x00000000eab00000,0x00000000eb000000)
  from space 512K, 86% used [0x00000000eb200000,0x00000000eb26e900,0x00000000eb280000)
  to   space 512K, 0% used [0x00000000eb180000,0x00000000eb180000,0x00000000eb200000)
 ParOldGen       total 603648K, used 603326K [0x00000000c0000000, 0x00000000e4d80000, 0x00000000eab00000)
  object space 603648K, 99% used [0x00000000c0000000,0x00000000e4d2fa50,0x00000000e4d80000)
 Metaspace       used 98744K, committed 100608K, reserved 1179648K
  class space    used 9763K, committed 10688K, reserved 1048576K
}
Event: 7592.546 GC heap before
{Heap before GC invocations=6149 (full 9):
 PSYoungGen      total 5632K, used 5562K [0x00000000eab00000, 0x00000000eb280000, 0x0000000100000000)
  eden space 5120K, 100% used [0x00000000eab00000,0x00000000eb000000,0x00000000eb000000)
  from space 512K, 86% used [0x00000000eb200000,0x00000000eb26e900,0x00000000eb280000)
  to   space 512K, 0% used [0x00000000eb180000,0x00000000eb180000,0x00000000eb200000)
 ParOldGen       total 603648K, used 603326K [0x00000000c0000000, 0x00000000e4d80000, 0x00000000eab00000)
  object space 603648K, 99% used [0x00000000c0000000,0x00000000e4d2fa50,0x00000000e4d80000)
 Metaspace       used 98744K, committed 100608K, reserved 1179648K
  class space    used 9763K, committed 10688K, reserved 1048576K
}
Event: 7592.547 GC heap after
{Heap after GC invocations=6149 (full 9):
 PSYoungGen      total 5632K, used 192K [0x00000000eab00000, 0x00000000eb280000, 0x0000000100000000)
  eden space 5120K, 0% used [0x00000000eab00000,0x00000000eab00000,0x00000000eb000000)
  from space 512K, 37% used [0x00000000eb180000,0x00000000eb1b0000,0x00000000eb200000)
  to   space 512K, 0% used [0x00000000eb200000,0x00000000eb200000,0x00000000eb280000)
 ParOldGen       total 603648K, used 603478K [0x00000000c0000000, 0x00000000e4d80000, 0x00000000eab00000)
  object space 603648K, 99% used [0x00000000c0000000,0x00000000e4d55a50,0x00000000e4d80000)
 Metaspace       used 98744K, committed 100608K, reserved 1179648K
  class space    used 9763K, committed 10688K, reserved 1048576K
}
Event: 7788.297 GC heap before
{Heap before GC invocations=6150 (full 9):
 PSYoungGen      total 5632K, used 5311K [0x00000000eab00000, 0x00000000eb280000, 0x0000000100000000)
  eden space 5120K, 99% used [0x00000000eab00000,0x00000000eafffff8,0x00000000eb000000)
  from space 512K, 37% used [0x00000000eb180000,0x00000000eb1b0000,0x00000000eb200000)
  to   space 512K, 0% used [0x00000000eb200000,0x00000000eb200000,0x00000000eb280000)
 ParOldGen       total 603648K, used 603478K [0x00000000c0000000, 0x00000000e4d80000, 0x00000000eab00000)
  object space 603648K, 99% used [0x00000000c0000000,0x00000000e4d55a50,0x00000000e4d80000)
 Metaspace       used 98774K, committed 100608K, reserved 1179648K
  class space    used 9763K, committed 10688K, reserved 1048576K
}
Event: 7788.298 GC heap after
{Heap after GC invocations=6150 (full 9):
 PSYoungGen      total 5632K, used 480K [0x00000000eab00000, 0x00000000eb280000, 0x0000000100000000)
  eden space 5120K, 0% used [0x00000000eab00000,0x00000000eab00000,0x00000000eb000000)
  from space 512K, 93% used [0x00000000eb200000,0x00000000eb278020,0x00000000eb280000)
  to   space 1024K, 0% used [0x00000000eb080000,0x00000000eb080000,0x00000000eb180000)
 ParOldGen       total 603648K, used 603486K [0x00000000c0000000, 0x00000000e4d80000, 0x00000000eab00000)
  object space 603648K, 99% used [0x00000000c0000000,0x00000000e4d57a50,0x00000000e4d80000)
 Metaspace       used 98774K, committed 100608K, reserved 1179648K
  class space    used 9763K, committed 10688K, reserved 1048576K
}
Event: 7788.824 GC heap before
{Heap before GC invocations=6151 (full 9):
 PSYoungGen      total 5632K, used 5599K [0x00000000eab00000, 0x00000000eb280000, 0x0000000100000000)
  eden space 5120K, 99% used [0x00000000eab00000,0x00000000eaffffd0,0x00000000eb000000)
  from space 512K, 93% used [0x00000000eb200000,0x00000000eb278020,0x00000000eb280000)
  to   space 1024K, 0% used [0x00000000eb080000,0x00000000eb080000,0x00000000eb180000)
 ParOldGen       total 603648K, used 603486K [0x00000000c0000000, 0x00000000e4d80000, 0x00000000eab00000)
  object space 603648K, 99% used [0x00000000c0000000,0x00000000e4d57a50,0x00000000e4d80000)
 Metaspace       used 98774K, committed 100608K, reserved 1179648K
  class space    used 9763K, committed 10688K, reserved 1048576K
}
Event: 7788.825 GC heap after
{Heap after GC invocations=6151 (full 9):
 PSYoungGen      total 6144K, used 794K [0x00000000eab00000, 0x00000000eb280000, 0x0000000100000000)
  eden space 5120K, 0% used [0x00000000eab00000,0x00000000eab00000,0x00000000eb000000)
  from space 1024K, 77% used [0x00000000eb080000,0x00000000eb146920,0x00000000eb180000)
  to   space 1024K, 0% used [0x00000000eb180000,0x00000000eb180000,0x00000000eb280000)
 ParOldGen       total 604160K, used 603734K [0x00000000c0000000, 0x00000000e4e00000, 0x00000000eab00000)
  object space 604160K, 99% used [0x00000000c0000000,0x00000000e4d95a80,0x00000000e4e00000)
 Metaspace       used 98774K, committed 100608K, reserved 1179648K
  class space    used 9763K, committed 10688K, reserved 1048576K
}
Event: 7788.838 GC heap before
{Heap before GC invocations=6152 (full 9):
 PSYoungGen      total 6144K, used 5914K [0x00000000eab00000, 0x00000000eb280000, 0x0000000100000000)
  eden space 5120K, 100% used [0x00000000eab00000,0x00000000eb000000,0x00000000eb000000)
  from space 1024K, 77% used [0x00000000eb080000,0x00000000eb146920,0x00000000eb180000)
  to   space 1024K, 0% used [0x00000000eb180000,0x00000000eb180000,0x00000000eb280000)
 ParOldGen       total 604160K, used 603734K [0x00000000c0000000, 0x00000000e4e00000, 0x00000000eab00000)
  object space 604160K, 99% used [0x00000000c0000000,0x00000000e4d95a80,0x00000000e4e00000)
 Metaspace       used 98774K, committed 100608K, reserved 1179648K
  class space    used 9763K, committed 10688K, reserved 1048576K
}
Event: 7788.838 GC heap after
{Heap after GC invocations=6152 (full 9):
 PSYoungGen      total 6144K, used 650K [0x00000000eab00000, 0x00000000eb280000, 0x0000000100000000)
  eden space 5120K, 0% used [0x00000000eab00000,0x00000000eab00000,0x00000000eb000000)
  from space 1024K, 63% used [0x00000000eb180000,0x00000000eb222910,0x00000000eb280000)
  to   space 1024K, 0% used [0x00000000eb080000,0x00000000eb080000,0x00000000eb180000)
 ParOldGen       total 604160K, used 603902K [0x00000000c0000000, 0x00000000e4e00000, 0x00000000eab00000)
  object space 604160K, 99% used [0x00000000c0000000,0x00000000e4dbfaa0,0x00000000e4e00000)
 Metaspace       used 98774K, committed 100608K, reserved 1179648K
  class space    used 9763K, committed 10688K, reserved 1048576K
}
Event: 7788.851 GC heap before
{Heap before GC invocations=6153 (full 9):
 PSYoungGen      total 6144K, used 5770K [0x00000000eab00000, 0x00000000eb280000, 0x0000000100000000)
  eden space 5120K, 100% used [0x00000000eab00000,0x00000000eb000000,0x00000000eb000000)
  from space 1024K, 63% used [0x00000000eb180000,0x00000000eb222910,0x00000000eb280000)
  to   space 1024K, 0% used [0x00000000eb080000,0x00000000eb080000,0x00000000eb180000)
 ParOldGen       total 604160K, used 603902K [0x00000000c0000000, 0x00000000e4e00000, 0x00000000eab00000)
  object space 604160K, 99% used [0x00000000c0000000,0x00000000e4dbfaa0,0x00000000e4e00000)
 Metaspace       used 98774K, committed 100608K, reserved 1179648K
  class space    used 9763K, committed 10688K, reserved 1048576K
}
Event: 7788.852 GC heap after
{Heap after GC invocations=6153 (full 9):
 PSYoungGen      total 6144K, used 416K [0x00000000eab00000, 0x00000000eb200000, 0x0000000100000000)
  eden space 5120K, 0% used [0x00000000eab00000,0x00000000eab00000,0x00000000eb000000)
  from space 1024K, 40% used [0x00000000eb080000,0x00000000eb0e8000,0x00000000eb180000)
  to   space 512K, 0% used [0x00000000eb180000,0x00000000eb180000,0x00000000eb200000)
 ParOldGen       total 604160K, used 603902K [0x00000000c0000000, 0x00000000e4e00000, 0x00000000eab00000)
  object space 604160K, 99% used [0x00000000c0000000,0x00000000e4dbfaa0,0x00000000e4e00000)
 Metaspace       used 98774K, committed 100608K, reserved 1179648K
  class space    used 9763K, committed 10688K, reserved 1048576K
}
Event: 7788.864 GC heap before
{Heap before GC invocations=6154 (full 9):
 PSYoungGen      total 6144K, used 5536K [0x00000000eab00000, 0x00000000eb200000, 0x0000000100000000)
  eden space 5120K, 100% used [0x00000000eab00000,0x00000000eb000000,0x00000000eb000000)
  from space 1024K, 40% used [0x00000000eb080000,0x00000000eb0e8000,0x00000000eb180000)
  to   space 512K, 0% used [0x00000000eb180000,0x00000000eb180000,0x00000000eb200000)
 ParOldGen       total 604160K, used 603902K [0x00000000c0000000, 0x00000000e4e00000, 0x00000000eab00000)
  object space 604160K, 99% used [0x00000000c0000000,0x00000000e4dbfaa0,0x00000000e4e00000)
 Metaspace       used 98774K, committed 100608K, reserved 1179648K
  class space    used 9763K, committed 10688K, reserved 1048576K
}
Event: 7788.865 GC heap after
{Heap after GC invocations=6154 (full 9):
 PSYoungGen      total 5632K, used 496K [0x00000000eab00000, 0x00000000eb200000, 0x0000000100000000)
  eden space 5120K, 0% used [0x00000000eab00000,0x00000000eab00000,0x00000000eb000000)
  from space 512K, 96% used [0x00000000eb180000,0x00000000eb1fc010,0x00000000eb200000)
  to   space 1024K, 0% used [0x00000000eb000000,0x00000000eb000000,0x00000000eb100000)
 ParOldGen       total 604160K, used 603918K [0x00000000c0000000, 0x00000000e4e00000, 0x00000000eab00000)
  object space 604160K, 99% used [0x00000000c0000000,0x00000000e4dc3aa0,0x00000000e4e00000)
 Metaspace       used 98774K, committed 100608K, reserved 1179648K
  class space    used 9763K, committed 10688K, reserved 1048576K
}
Event: 7788.875 GC heap before
{Heap before GC invocations=6155 (full 9):
 PSYoungGen      total 5632K, used 5616K [0x00000000eab00000, 0x00000000eb200000, 0x0000000100000000)
  eden space 5120K, 100% used [0x00000000eab00000,0x00000000eb000000,0x00000000eb000000)
  from space 512K, 96% used [0x00000000eb180000,0x00000000eb1fc010,0x00000000eb200000)
  to   space 1024K, 0% used [0x00000000eb000000,0x00000000eb000000,0x00000000eb100000)
 ParOldGen       total 604160K, used 603918K [0x00000000c0000000, 0x00000000e4e00000, 0x00000000eab00000)
  object space 604160K, 99% used [0x00000000c0000000,0x00000000e4dc3aa0,0x00000000e4e00000)
 Metaspace       used 98774K, committed 100608K, reserved 1179648K
  class space    used 9763K, committed 10688K, reserved 1048576K
}
Event: 7788.876 GC heap after
{Heap after GC invocations=6155 (full 9):
 PSYoungGen      total 6144K, used 468K [0x00000000eab00000, 0x00000000eb200000, 0x0000000100000000)
  eden space 5120K, 0% used [0x00000000eab00000,0x00000000eab00000,0x00000000eb000000)
  from space 1024K, 45% used [0x00000000eb000000,0x00000000eb075200,0x00000000eb100000)
  to   space 512K, 0% used [0x00000000eb180000,0x00000000eb180000,0x00000000eb200000)
 ParOldGen       total 604160K, used 603982K [0x00000000c0000000, 0x00000000e4e00000, 0x00000000eab00000)
  object space 604160K, 99% used [0x00000000c0000000,0x00000000e4dd3aa0,0x00000000e4e00000)
 Metaspace       used 98774K, committed 100608K, reserved 1179648K
  class space    used 9763K, committed 10688K, reserved 1048576K
}
Event: 7788.884 GC heap before
{Heap before GC invocations=6156 (full 9):
 PSYoungGen      total 6144K, used 5588K [0x00000000eab00000, 0x00000000eb200000, 0x0000000100000000)
  eden space 5120K, 100% used [0x00000000eab00000,0x00000000eb000000,0x00000000eb000000)
  from space 1024K, 45% used [0x00000000eb000000,0x00000000eb075200,0x00000000eb100000)
  to   space 512K, 0% used [0x00000000eb180000,0x00000000eb180000,0x00000000eb200000)
 ParOldGen       total 604160K, used 603982K [0x00000000c0000000, 0x00000000e4e00000, 0x00000000eab00000)
  object space 604160K, 99% used [0x00000000c0000000,0x00000000e4dd3aa0,0x00000000e4e00000)
 Metaspace       used 98774K, committed 100608K, reserved 1179648K
  class space    used 9763K, committed 10688K, reserved 1048576K
}
Event: 7788.885 GC heap after
{Heap after GC invocations=6156 (full 9):
 PSYoungGen      total 5632K, used 496K [0x00000000eab00000, 0x00000000eb200000, 0x0000000100000000)
  eden space 5120K, 0% used [0x00000000eab00000,0x00000000eab00000,0x00000000eb000000)
  from space 512K, 96% used [0x00000000eb180000,0x00000000eb1fc010,0x00000000eb200000)
  to   space 1024K, 0% used [0x00000000eb000000,0x00000000eb000000,0x00000000eb100000)
 ParOldGen       total 604672K, used 604199K [0x00000000c0000000, 0x00000000e4e80000, 0x00000000eab00000)
  object space 604672K, 99% used [0x00000000c0000000,0x00000000e4e09f20,0x00000000e4e80000)
 Metaspace       used 98774K, committed 100608K, reserved 1179648K
  class space    used 9763K, committed 10688K, reserved 1048576K
}
Event: 7793.118 GC heap before
{Heap before GC invocations=6157 (full 9):
 PSYoungGen      total 5632K, used 5616K [0x00000000eab00000, 0x00000000eb200000, 0x0000000100000000)
  eden space 5120K, 100% used [0x00000000eab00000,0x00000000eb000000,0x00000000eb000000)
  from space 512K, 96% used [0x00000000eb180000,0x00000000eb1fc010,0x00000000eb200000)
  to   space 1024K, 0% used [0x00000000eb000000,0x00000000eb000000,0x00000000eb100000)
 ParOldGen       total 604672K, used 604199K [0x00000000c0000000, 0x00000000e4e80000, 0x00000000eab00000)
  object space 604672K, 99% used [0x00000000c0000000,0x00000000e4e09f20,0x00000000e4e80000)
 Metaspace       used 98778K, committed 100608K, reserved 1179648K
  class space    used 9763K, committed 10688K, reserved 1048576K
}
Event: 7793.119 GC heap after
{Heap after GC invocations=6157 (full 9):
 PSYoungGen      total 6144K, used 576K [0x00000000eab00000, 0x00000000eb200000, 0x0000000100000000)
  eden space 5120K, 0% used [0x00000000eab00000,0x00000000eab00000,0x00000000eb000000)
  from space 1024K, 56% used [0x00000000eb000000,0x00000000eb090020,0x00000000eb100000)
  to   space 1024K, 0% used [0x00000000eb100000,0x00000000eb100000,0x00000000eb200000)
 ParOldGen       total 604672K, used 604663K [0x00000000c0000000, 0x00000000e4e80000, 0x00000000eab00000)
  object space 604672K, 99% used [0x00000000c0000000,0x00000000e4e7df30,0x00000000e4e80000)
 Metaspace       used 98778K, committed 100608K, reserved 1179648K
  class space    used 9763K, committed 10688K, reserved 1048576K
}

